<?xml version="1.0" encoding="UTF-8" ?>
<testsuite tests="31" failures="0" name="TestSuite" time="57.943" errors="0" skipped="0">
  <properties>
    <property name="java.runtime.name" value="Java(TM) SE Runtime Environment"/>
    <property name="java.vm.version" value="17.0.4.1+1-LTS-2"/>
    <property name="sun.boot.library.path" value="C:\jdk-17_windows-x64_bin\jdk-17.0.4.1\bin"/>
    <property name="user.country.format" value="IL"/>
    <property name="maven.multiModuleProjectDirectory" value="C:\Users\User\eclipse-workspace\CRM"/>
    <property name="java.vm.vendor" value="Oracle Corporation"/>
    <property name="java.vendor.url" value="https://java.oracle.com/"/>
    <property name="guice.disable.misplaced.annotation.check" value="true"/>
    <property name="path.separator" value=";"/>
    <property name="java.vm.name" value="Java HotSpot(TM) 64-Bit Server VM"/>
    <property name="sun.os.patch.level" value=""/>
    <property name="user.script" value=""/>
    <property name="user.country" value="GB"/>
    <property name="sun.java.launcher" value="SUN_STANDARD"/>
    <property name="java.vm.specification.name" value="Java Virtual Machine Specification"/>
    <property name="user.dir" value="C:\Users\User\eclipse-workspace\CRM"/>
    <property name="java.vm.compressedOopsMode" value="Zero based"/>
    <property name="java.runtime.version" value="17.0.4.1+1-LTS-2"/>
    <property name="os.arch" value="amd64"/>
    <property name="java.io.tmpdir" value="C:\Users\User\AppData\Local\Temp\"/>
    <property name="line.separator" value="
"/>
    <property name="java.vm.specification.vendor" value="Oracle Corporation"/>
    <property name="user.variant" value=""/>
    <property name="os.name" value="Windows 11"/>
    <property name="classworlds.conf" value="C:\apache-maven-3.8.6\bin\m2.conf"/>
    <property name="sun.jnu.encoding" value="Cp1252"/>
    <property name="java.library.path" value="C:\jdk-17_windows-x64_bin\jdk-17.0.4.1\bin;C:\WINDOWS\Sun\Java\bin;C:\WINDOWS\system32;C:\WINDOWS;C:\Program Files (x86)\Common Files\Oracle\Java\javapath;C:\WINDOWS\system32;C:\WINDOWS;C:\WINDOWS\System32\Wbem;C:\WINDOWS\System32\WindowsPowerShell\v1.0\;C:\WINDOWS\System32\OpenSSH\;C:\apache-maven-3.8.6\bin;C:\allure-commandline-2.13.0\allure-2.13.0\bin;C:\jdk-17_windows-x64_bin\jdk-17.0.4.1\bin;C:\Program Files\Git\cmd;C:\Users\User\AppData\Local\Android\Sdk\platform-tools;C:\Users\User\AppData\Local\Microsoft\WindowsApps;;."/>
    <property name="maven.conf" value="C:\apache-maven-3.8.6/conf"/>
    <property name="jdk.debug" value="release"/>
    <property name="java.class.version" value="61.0"/>
    <property name="java.specification.name" value="Java Platform API Specification"/>
    <property name="sun.management.compiler" value="HotSpot 64-Bit Tiered Compilers"/>
    <property name="os.version" value="10.0"/>
    <property name="library.jansi.path" value="C:\apache-maven-3.8.6\lib\jansi-native"/>
    <property name="user.home" value="C:\Users\User"/>
    <property name="user.timezone" value="Asia/Jerusalem"/>
    <property name="file.encoding" value="Cp1252"/>
    <property name="java.specification.version" value="17"/>
    <property name="user.name" value="User"/>
    <property name="java.class.path" value="C:\apache-maven-3.8.6\boot\plexus-classworlds-2.6.0.jar"/>
    <property name="java.vm.specification.version" value="17"/>
    <property name="sun.arch.data.model" value="64"/>
    <property name="sun.java.command" value="org.codehaus.plexus.classworlds.launcher.Launcher test"/>
    <property name="java.home" value="C:\jdk-17_windows-x64_bin\jdk-17.0.4.1"/>
    <property name="user.language" value="en"/>
    <property name="java.specification.vendor" value="Oracle Corporation"/>
    <property name="java.vm.info" value="mixed mode, sharing"/>
    <property name="java.version" value="17.0.4.1"/>
    <property name="native.encoding" value="Cp1252"/>
    <property name="java.vendor" value="Oracle Corporation"/>
    <property name="sun.stderr.encoding" value="cp437"/>
    <property name="maven.home" value="C:\apache-maven-3.8.6"/>
    <property name="file.separator" value="\"/>
    <property name="java.version.date" value="2022-08-18"/>
    <property name="java.vendor.url.bug" value="https://bugreport.java.com/bugreport/"/>
    <property name="sun.io.unicode.encoding" value="UnicodeLittle"/>
    <property name="sun.cpu.endian" value="little"/>
    <property name="sun.stdout.encoding" value="cp437"/>
    <property name="sun.cpu.isalist" value="amd64"/>
  </properties>
  <testcase classname="com.crm.testpages.TestCalendarPage" name="newEventTest" time="1.538"/>
  <testcase classname="com.crm.testpages.TestCalendarPage" name="viewTodayTest" time="1.383"/>
  <testcase classname="com.crm.testpages.TestCalendarPage" name="weekViewTest" time="1.508"/>
  <testcase classname="com.crm.testpages.TestCalendarPage" name="monthViewTest" time="1.501"/>
  <testcase classname="com.crm.testpages.TestCallPage" name="newCallStatusTest" time="1.439"/>
  <testcase classname="com.crm.testpages.TestCallPage" name="newcallDataTest" time="3.8"/>
  <testcase classname="com.crm.testpages.TestCallPage" name="newcallDataTest" time="3.481"/>
  <testcase classname="com.crm.testpages.TestCallPage" name="newcallDataTest" time="3.636"/>
  <testcase classname="com.crm.testpages.TestCallPage" name="newcallDataTest" time="3.726"/>
  <testcase classname="com.crm.testpages.TestCallPage" name="newcallDataTest" time="3.616"/>
  <testcase classname="com.crm.testpages.TestCompaniesPage" name="newCompanyTest" time="1.152"/>
  <testcase classname="com.crm.testpages.TestCompaniesPage" name="combinedFormTest" time="1.377"/>
  <testcase classname="com.crm.testpages.TestCompaniesPage" name="fullSearchFormTest" time="1.374"/>
  <testcase classname="com.crm.testpages.TestContactsPage" name="addContactTest" time="3.82"/>
  <testcase classname="com.crm.testpages.TestContactsPage" name="addContactTest" time="3.399"/>
  <testcase classname="com.crm.testpages.TestContactsPage" name="addContactTest" time="3.441"/>
  <testcase classname="com.crm.testpages.TestContactsPage" name="newContactsTest" time="1.422"/>
  <testcase classname="com.crm.testpages.TestDealsPage" name="newDealStatusTest" time="1.715"/>
  <testcase classname="com.crm.testpages.TestHomePage" name="youAreInHomePageTest1" time="0.036"/>
  <testcase classname="com.crm.testpages.TestHomePage" name="youAreInHomePageTest2" time="0.033"/>
  <testcase classname="com.crm.testpages.TestIsPremiumAccount" name="newCallStatusTest1" time="1.145"/>
  <testcase classname="com.crm.testpages.TestIsPremiumAccount" name="newCallStatusTest2" time="1.47"/>
  <testcase classname="com.crm.testpages.TestLoginPage" name="loginTest" time="5.168"/>
  <testcase classname="com.crm.testpages.TestLoginPage" name="loginTest2" time="1.846"/>
  <testcase classname="com.crm.testpages.TestLoginPage" name="loginTest3" time="2.196"/>
  <testcase classname="com.crm.testpages.TestLoginPage" name="loginTest4" time="1.69"/>
  <testcase classname="com.crm.testpages.TestMainPage" name="enabledLoginButtonTest" time="0.02"/>
  <testcase classname="com.crm.testpages.TestMainPage" name="logoTest" time="0.024"/>
  <testcase classname="com.crm.testpages.TestMainPage" name="titleTest" time="0.008"/>
  <testcase classname="com.crm.testpages.TestMainPage" name="urlTest" time="0.007"/>
  <testcase classname="com.crm.testpages.TestReportsPage" name="newCallStatusTest" time="0.972"/>
</testsuite>