<?xml version="1.0" encoding="UTF-8"?>
<!-- Generated by org.testng.reporters.JUnitReportReporter -->
<testsuite hostname="LAPTOP-FLCTF1IB" failures="0" tests="4" name="com.crm.testpages.TestLoginPage" time="36.085" errors="0" timestamp="2022-11-12T05:46:34 IST" skipped="0">
  <testcase classname="com.crm.testpages.TestLoginPage" name="loginTest4" time="9.888"/>
  <system-out/>
  <testcase classname="com.crm.testpages.TestLoginPage" name="loginTest2" time="7.757"/>
  <system-out/>
  <testcase classname="com.crm.testpages.TestLoginPage" name="loginTest" time="10.019"/>
  <system-out/>
  <testcase classname="com.crm.testpages.TestLoginPage" name="loginTest3" time="8.421"/>
  <system-out/>
</testsuite> <!-- com.crm.testpages.TestLoginPage -->
