<?xml version="1.0" encoding="UTF-8"?>
<!-- Generated by org.testng.reporters.JUnitReportReporter -->
<testsuite hostname="LAPTOP-FLCTF1IB" failures="0" tests="1" name="com.crm.pages.LoginPageTest" time="9.904" errors="0" timestamp="2022-11-11T02:25:02 IST" skipped="0">
  <testcase classname="com.crm.pages.LoginPageTest" name="test" time="9.904"/>
  <system-out/>
</testsuite> <!-- com.crm.pages.LoginPageTest -->
