<?xml version="1.0" encoding="UTF-8"?>
<!-- Generated by org.testng.reporters.JUnitReportReporter -->
<testsuite hostname="LAPTOP-FLCTF1IB" failures="0" tests="6" name="com.crm.testpages.TestCallPage" time="90.755" errors="0" timestamp="2022-11-12T05:46:34 IST" skipped="0">
  <testcase classname="com.crm.testpages.TestCallPage" name="newcallDataTest" time="13.216"/>
  <system-out/>
  <testcase classname="com.crm.testpages.TestCallPage" name="newcallDataTest" time="14.991"/>
  <system-out/>
  <testcase classname="com.crm.testpages.TestCallPage" name="newcallDataTest" time="14.144"/>
  <system-out/>
  <testcase classname="com.crm.testpages.TestCallPage" name="newcallDataTest" time="15.803"/>
  <system-out/>
  <testcase classname="com.crm.testpages.TestCallPage" name="newCallStatusTest" time="14.518"/>
  <system-out/>
  <testcase classname="com.crm.testpages.TestCallPage" name="newcallDataTest" time="18.083"/>
  <system-out/>
</testsuite> <!-- com.crm.testpages.TestCallPage -->
