<?xml version="1.0" encoding="UTF-8"?>
<!-- Generated by org.testng.reporters.JUnitReportReporter -->
<testsuite hostname="LAPTOP-FLCTF1IB" failures="0" tests="4" name="com.crm.testpages.TestMainPage" time="1.921" errors="0" timestamp="2022-11-12T05:46:34 IST" skipped="0">
  <testcase classname="com.crm.testpages.TestMainPage" name="titleTest" time="0.648"/>
  <system-out/>
  <testcase classname="com.crm.testpages.TestMainPage" name="urlTest" time="0.676"/>
  <system-out/>
  <testcase classname="com.crm.testpages.TestMainPage" name="enabledLoginButtonTest" time="0.167"/>
  <system-out/>
  <testcase classname="com.crm.testpages.TestMainPage" name="logoTest" time="0.430"/>
  <system-out/>
</testsuite> <!-- com.crm.testpages.TestMainPage -->
