<?xml version="1.0" encoding="UTF-8"?>
<!-- Generated by org.testng.reporters.JUnitReportReporter -->
<testsuite hostname="LAPTOP-FLCTF1IB" failures="0" tests="4" name="com.crm.testpages.TestCalendarPage" time="61.656" errors="0" timestamp="2022-11-12T05:46:34 IST" skipped="0">
  <testcase classname="com.crm.testpages.TestCalendarPage" name="newEventTest" time="16.109"/>
  <system-out/>
  <testcase classname="com.crm.testpages.TestCalendarPage" name="viewTodayTest" time="12.600"/>
  <system-out/>
  <testcase classname="com.crm.testpages.TestCalendarPage" name="weekViewTest" time="19.342"/>
  <system-out/>
  <testcase classname="com.crm.testpages.TestCalendarPage" name="monthViewTest" time="13.605"/>
  <system-out/>
</testsuite> <!-- com.crm.testpages.TestCalendarPage -->
