<?xml version="1.0" encoding="UTF-8"?>
<!-- Generated by org.testng.reporters.JUnitReportReporter -->
<testsuite hostname="LAPTOP-FLCTF1IB" failures="0" tests="1" name="com.crm.testpages.TestDealsPage" time="19.043" errors="0" timestamp="2022-11-12T05:46:34 IST" skipped="0">
  <testcase classname="com.crm.testpages.TestDealsPage" name="newDealStatusTest" time="19.043"/>
  <system-out/>
</testsuite> <!-- com.crm.testpages.TestDealsPage -->
