<?xml version="1.0" encoding="UTF-8"?>
<!-- Generated by org.testng.reporters.JUnitReportReporter -->
<testsuite hostname="LAPTOP-FLCTF1IB" failures="0" tests="2" name="com.crm.testpages.TestIsPremiumAccount" time="29.249" errors="0" timestamp="2022-11-12T05:46:34 IST" skipped="0">
  <testcase classname="com.crm.testpages.TestIsPremiumAccount" name="newCallStatusTest2" time="13.319"/>
  <system-out/>
  <testcase classname="com.crm.testpages.TestIsPremiumAccount" name="newCallStatusTest1" time="15.930"/>
  <system-out/>
</testsuite> <!-- com.crm.testpages.TestIsPremiumAccount -->
