<?xml version="1.0" encoding="UTF-8"?>
<!-- Generated by org.testng.reporters.JUnitReportReporter -->
<testsuite hostname="LAPTOP-FLCTF1IB" failures="0" tests="4" name="com.crm.testpages.TestContactsPage" time="65.561" errors="0" timestamp="2022-11-12T05:46:34 IST" skipped="0">
  <testcase classname="com.crm.testpages.TestContactsPage" name="addContactTest" time="15.234"/>
  <system-out/>
  <testcase classname="com.crm.testpages.TestContactsPage" name="addContactTest" time="14.916"/>
  <system-out/>
  <testcase classname="com.crm.testpages.TestContactsPage" name="addContactTest" time="21.811"/>
  <system-out/>
  <testcase classname="com.crm.testpages.TestContactsPage" name="newContactsTest" time="13.600"/>
  <system-out/>
</testsuite> <!-- com.crm.testpages.TestContactsPage -->
