<?xml version="1.0" encoding="UTF-8"?>
<!-- Generated by org.testng.reporters.JUnitReportReporter -->
<testsuite hostname="LAPTOP-FLCTF1IB" failures="0" tests="2" name="com.crm.testpages.TestHomePage" time="41.561" errors="0" timestamp="2022-11-11T18:47:08 IST" skipped="0">
  <testcase classname="com.crm.testpages.TestHomePage" name="youAreInHomePageTest1" time="22.895"/>
  <system-out/>
  <testcase classname="com.crm.testpages.TestHomePage" name="youAreInHomePageTest2" time="18.666"/>
  <system-out/>
</testsuite> <!-- com.crm.testpages.TestHomePage -->
