<?xml version="1.0" encoding="UTF-8"?>
<!-- Generated by org.testng.reporters.JUnitReportReporter -->
<testsuite hostname="LAPTOP-FLCTF1IB" failures="0" tests="1" name="com.crm.testpages.TestDealsPage" time="14.225" errors="0" timestamp="2022-11-12T01:46:05 IST" skipped="0">
  <testcase classname="com.crm.testpages.TestDealsPage" name="newDealStatusTest" time="14.225"/>
  <system-out/>
</testsuite> <!-- com.crm.testpages.TestDealsPage -->
