<?xml version="1.0" encoding="UTF-8"?>
<!-- Generated by org.testng.reporters.JUnitReportReporter -->
<testsuite hostname="LAPTOP-FLCTF1IB" failures="0" tests="4" name="com.crm.testpages.TestLoginPage" time="35.067" errors="0" timestamp="2022-11-12T05:17:18 IST" skipped="0">
  <testcase classname="com.crm.testpages.TestLoginPage" name="loginTest2" time="8.521"/>
  <system-out/>
  <testcase classname="com.crm.testpages.TestLoginPage" name="loginTest" time="10.429"/>
  <system-out/>
  <testcase classname="com.crm.testpages.TestLoginPage" name="loginTest4" time="8.902"/>
  <system-out/>
  <testcase classname="com.crm.testpages.TestLoginPage" name="loginTest3" time="7.215"/>
  <system-out/>
</testsuite> <!-- com.crm.testpages.TestLoginPage -->
