<?xml version="1.0" encoding="UTF-8"?>
<!-- Generated by org.testng.reporters.JUnitReportReporter -->
<testsuite hostname="LAPTOP-FLCTF1IB" failures="0" tests="4" name="com.crm.testpages.TestCalendarPage" time="61.478" errors="0" timestamp="2022-11-11T18:42:47 IST" skipped="0">
  <testcase classname="com.crm.testpages.TestCalendarPage" name="weekViewTest" time="14.116"/>
  <system-out/>
  <testcase classname="com.crm.testpages.TestCalendarPage" name="newEventTest" time="14.942"/>
  <system-out/>
  <testcase classname="com.crm.testpages.TestCalendarPage" name="monthViewTest" time="16.549"/>
  <system-out/>
  <testcase classname="com.crm.testpages.TestCalendarPage" name="viewTodayTest" time="15.871"/>
  <system-out/>
</testsuite> <!-- com.crm.testpages.TestCalendarPage -->
