<?xml version="1.0" encoding="UTF-8"?>
<!-- Generated by org.testng.reporters.JUnitReportReporter -->
<testsuite hostname="LAPTOP-FLCTF1IB" failures="0" tests="3" name="com.crm.testpages.TestCompaniesPage" time="39.372" errors="0" timestamp="2022-11-11T19:29:38 IST" skipped="0">
  <testcase classname="com.crm.testpages.TestCompaniesPage" name="newCompanyTest" time="15.137"/>
  <system-out/>
  <testcase classname="com.crm.testpages.TestCompaniesPage" name="combinedFormTest" time="11.852"/>
  <system-out/>
  <testcase classname="com.crm.testpages.TestCompaniesPage" name="fullSearchFormTest" time="12.383"/>
  <system-out/>
</testsuite> <!-- com.crm.testpages.TestCompaniesPage -->
