<?xml version="1.0" encoding="UTF-8"?>
<!-- Generated by org.testng.reporters.JUnitReportReporter -->
<testsuite hostname="LAPTOP-FLCTF1IB" failures="0" tests="6" name="com.crm.testpages.TestCallPage" time="84.594" errors="0" timestamp="2022-11-12T03:19:56 IST" skipped="0">
  <testcase classname="com.crm.testpages.TestCallPage" name="newcallDataTest" time="13.560"/>
  <system-out/>
  <testcase classname="com.crm.testpages.TestCallPage" name="newcallDataTest" time="13.716"/>
  <system-out/>
  <testcase classname="com.crm.testpages.TestCallPage" name="newcallDataTest" time="15.445"/>
  <system-out/>
  <testcase classname="com.crm.testpages.TestCallPage" name="newcallDataTest" time="15.202"/>
  <system-out/>
  <testcase classname="com.crm.testpages.TestCallPage" name="newcallDataTest" time="15.844"/>
  <system-out/>
  <testcase classname="com.crm.testpages.TestCallPage" name="newCallStatusTest" time="10.827"/>
  <system-out/>
</testsuite> <!-- com.crm.testpages.TestCallPage -->
