<?xml version="1.0" encoding="UTF-8"?>
<!-- Generated by org.testng.reporters.JUnitReportReporter -->
<testsuite hostname="LAPTOP-FLCTF1IB" failures="0" tests="1" name="com.crm.testpages.TestReportsPage" time="14.093" errors="0" timestamp="2022-11-12T03:40:03 IST" skipped="0">
  <testcase classname="com.crm.testpages.TestReportsPage" name="newCallStatusTest" time="14.093"/>
  <system-out/>
</testsuite> <!-- com.crm.testpages.TestReportsPage -->
