<?xml version="1.0" encoding="UTF-8"?>
<!-- Generated by org.testng.reporters.JUnitReportReporter -->
<testsuite hostname="LAPTOP-FLCTF1IB" failures="0" tests="2" name="com.crm.testpages.TestIsPremiumAccount" time="32.551" errors="0" timestamp="2022-11-12T05:11:48 IST" skipped="0">
  <testcase classname="com.crm.testpages.TestIsPremiumAccount" name="newCallStatusTest1" time="21.272"/>
  <system-out/>
  <testcase classname="com.crm.testpages.TestIsPremiumAccount" name="newCallStatusTest2" time="11.279"/>
  <system-out/>
</testsuite> <!-- com.crm.testpages.TestIsPremiumAccount -->
