<?xml version="1.0" encoding="UTF-8"?>
<!-- Generated by org.testng.reporters.JUnitReportReporter -->
<testsuite hostname="LAPTOP-FLCTF1IB" failures="0" tests="3" name="tellotest.TrelloTest" time="35.062" errors="0" timestamp="2022-10-07T17:06:09 IDT" skipped="0">
  <testcase classname="tellotest.TrelloTest" name="loginAccount" time="11.853"/>
  <system-out/>
  <testcase classname="tellotest.TrelloTest" name="boardEnterAndCreateList" time="12.793"/>
  <system-out/>
  <testcase classname="tellotest.TrelloTest" name="uploadFile" time="10.416"/>
  <system-out/>
</testsuite> <!-- tellotest.TrelloTest -->
